#
# There is insufficient memory for the Java Runtime Environment to continue.
# Native memory allocation (malloc) failed to allocate 32744 bytes for ChunkPool::allocate
# Possible reasons:
#   The system is out of physical RAM or swap space
#   In 32 bit mode, the process size limit was hit
# Possible solutions:
#   Reduce memory load on the system
#   Increase physical memory or swap space
#   Check if swap backing store is full
#   Use 64 bit Java on a 64 bit OS
#   Decrease Java heap size (-Xmx/-Xms)
#   Decrease number of Java threads
#   Decrease Java thread stack sizes (-Xss)
#   Set larger code cache with -XX:ReservedCodeCacheSize=
# This output file may be truncated or incomplete.
#
#  Out of Memory Error (allocation.cpp:273), pid=16916, tid=0x0000000000004050
#
# JRE version: Java(TM) SE Runtime Environment (8.0_144-b01) (build 1.8.0_144-b01)
# Java VM: Java HotSpot(TM) 64-Bit Server VM (25.144-b01 mixed mode windows-amd64 compressed oops)
# Failed to write core dump. Minidumps are not enabled by default on client versions of Windows
#

---------------  T H R E A D  ---------------

Current thread (0x000000001517d800):  JavaThread "C2 CompilerThread0" daemon [_thread_in_native, id=16464, stack(0x00000000167c0000,0x00000000168c0000)]

Stack: [0x00000000167c0000,0x00000000168c0000]
[error occurred during error reporting (printing stack bounds), id 0xc0000005]

Native frames: (J=compiled Java code, j=interpreted, Vv=VM code, C=native code)


Current CompileTask:
C2:  73285  191       4       java.lang.String::replace (127 bytes)


---------------  P R O C E S S  ---------------

Java Threads: ( => current thread )
  0x00000000169c6000 JavaThread "Service Thread" daemon [_thread_blocked, id=16156, stack(0x0000000016ec0000,0x0000000016fc0000)]
  0x00000000169c0800 JavaThread "C1 CompilerThread2" daemon [_thread_in_native, id=15380, stack(0x0000000016dc0000,0x0000000016ec0000)]
  0x00000000151dc800 JavaThread "C2 CompilerThread1" daemon [_thread_blocked, id=16972, stack(0x00000000168c0000,0x00000000169c0000)]
=>0x000000001517d800 JavaThread "C2 CompilerThread0" daemon [_thread_in_native, id=16464, stack(0x00000000167c0000,0x00000000168c0000)]
  0x000000001517c000 JavaThread "Attach Listener" daemon [_thread_blocked, id=17016, stack(0x00000000166c0000,0x00000000167c0000)]
  0x000000001517a800 JavaThread "Signal Dispatcher" daemon [_thread_blocked, id=15796, stack(0x00000000165c0000,0x00000000166c0000)]
  0x0000000015169000 JavaThread "Finalizer" daemon [_thread_blocked, id=11972, stack(0x00000000163e0000,0x00000000164e0000)]
  0x0000000002b51000 JavaThread "Reference Handler" daemon [_thread_blocked, id=3732, stack(0x00000000162e0000,0x00000000163e0000)]
  0x0000000002a60800 JavaThread "main" [_thread_in_Java, id=10344, stack(0x0000000002960000,0x0000000002a60000)]

Other Threads:
  0x0000000015146800 VMThread [stack: 0x00000000161e0000,0x00000000162e0000] [id=11676]
  0x00000000169db000 WatcherThread [stack: 0x0000000016fc0000,0x00000000170c0000] [id=13792]

VM state:not at safepoint (normal execution)

VM Mutex/Monitor currently owned by a thread: None

Heap:
 PSYoungGen      total 18944K, used 3943K [0x00000000eb100000, 0x00000000ec600000, 0x0000000100000000)
  eden space 16384K, 24% used [0x00000000eb100000,0x00000000eb4d9f00,0x00000000ec100000)
  from space 2560K, 0% used [0x00000000ec380000,0x00000000ec380000,0x00000000ec600000)
  to   space 2560K, 0% used [0x00000000ec100000,0x00000000ec100000,0x00000000ec380000)
 ParOldGen       total 44032K, used 0K [0x00000000c1200000, 0x00000000c3d00000, 0x00000000eb100000)
  object space 44032K, 0% used [0x00000000c1200000,0x00000000c1200000,0x00000000c3d00000)
 Metaspace       used 4648K, capacity 5152K, committed 5248K, reserved 1056768K
  class space    used 553K, capacity 592K, committed 640K, reserved 1048576K

Card table byte_map: [0x0000000011f20000,0x0000000012120000] byte_map_base: 0x0000000011917000

Marking Bits: (ParMarkBitMap*) 0x00000000665dd850
 Begin Bits: [0x0000000012670000, 0x0000000013628000)
 End Bits:   [0x0000000013628000, 0x00000000145e0000)

Polling page: 0x0000000002710000

CodeCache: size=245760Kb used=1503Kb max_used=1511Kb free=244256Kb
 bounds [0x0000000002b60000, 0x0000000002dd0000, 0x0000000011b60000]
 total_blobs=466 nmethods=191 adapters=188
 compilation: enabled

Compilation events (10 events):
Event: 67.448 Thread 0x00000000169c0800  185       3       java.lang.ref.Finalizer::<init> (23 bytes)
Event: 67.449 Thread 0x00000000169c0800 nmethod 185 0x0000000002cd5ad0 code [0x0000000002cd5c60, 0x0000000002cd5fc8]
Event: 67.511 Thread 0x00000000169c0800  186       3       java.io.InputStream::<init> (5 bytes)
Event: 67.511 Thread 0x00000000169c0800 nmethod 186 0x0000000002cd6110 code [0x0000000002cd6280, 0x0000000002cd6430]
Event: 68.512 Thread 0x00000000151dc800  187       4       java.util.concurrent.ConcurrentHashMap::setTabAt (19 bytes)
Event: 69.494 Thread 0x00000000169c0800  189       3       java.util.WeakHashMap::getTable (9 bytes)
Event: 69.495 Thread 0x00000000169c0800 nmethod 189 0x0000000002cd68d0 code [0x0000000002cd6a40, 0x0000000002cd6be8]
Event: 69.497 Thread 0x00000000169c0800  190       3       java.util.WeakHashMap::indexFor (6 bytes)
Event: 69.497 Thread 0x00000000169c0800 nmethod 190 0x0000000002cd6c90 code [0x0000000002cd6de0, 0x0000000002cd6f10]
Event: 69.498 Thread 0x000000001517d800  191       4       java.lang.String::replace (127 bytes)

GC Heap History (0 events):
No events

Deoptimization events (0 events):
No events

Internal exceptions (6 events):
Event: 3.501 Thread 0x0000000002a60800 Exception <a 'java/lang/NoSuchMethodError': Method sun.misc.Unsafe.defineClass(Ljava/lang/String;[BII)Ljava/lang/Class; name or signature does not match> (0x00000000eb107ca8) thrown at [C:\re\workspace\8-2-build-windows-amd64-cygwin\jdk8u144\9417\hotspot\
Event: 3.501 Thread 0x0000000002a60800 Exception <a 'java/lang/NoSuchMethodError': Method sun.misc.Unsafe.prefetchRead(Ljava/lang/Object;J)V name or signature does not match> (0x00000000eb107f90) thrown at [C:\re\workspace\8-2-build-windows-amd64-cygwin\jdk8u144\9417\hotspot\src\share\vm\prims
Event: 61.483 Thread 0x0000000002a60800 Exception <a 'java/security/PrivilegedActionException'> (0x00000000eb463568) thrown at [C:\re\workspace\8-2-build-windows-amd64-cygwin\jdk8u144\9417\hotspot\src\share\vm\prims\jvm.cpp, line 1390]
Event: 61.483 Thread 0x0000000002a60800 Exception <a 'java/security/PrivilegedActionException'> (0x00000000eb463960) thrown at [C:\re\workspace\8-2-build-windows-amd64-cygwin\jdk8u144\9417\hotspot\src\share\vm\prims\jvm.cpp, line 1390]
Event: 61.486 Thread 0x0000000002a60800 Exception <a 'java/security/PrivilegedActionException'> (0x00000000eb467c40) thrown at [C:\re\workspace\8-2-build-windows-amd64-cygwin\jdk8u144\9417\hotspot\src\share\vm\prims\jvm.cpp, line 1390]
Event: 61.486 Thread 0x0000000002a60800 Exception <a 'java/security/PrivilegedActionException'> (0x00000000eb468038) thrown at [C:\re\workspace\8-2-build-windows-amd64-cygwin\jdk8u144\9417\hotspot\src\share\vm\prims\jvm.cpp, line 1390]

Events (10 events):
Event: 67.510 loading class org/openqa/selenium/AbstractCapabilities
Event: 67.510 loading class org/openqa/selenium/AbstractCapabilities done
Event: 68.271 loading class org/openqa/selenium/SessionNotCreatedException
Event: 68.271 loading class org/openqa/selenium/SessionNotCreatedException done
Event: 68.510 loading class org/openqa/selenium/chrome/ChromeDriverCommandExecutor
Event: 68.510 loading class org/openqa/selenium/chrome/ChromeDriverCommandExecutor done
Event: 68.513 loading class org/openqa/selenium/remote/service/DriverCommandExecutor
Event: 68.513 loading class org/openqa/selenium/remote/service/DriverCommandExecutor done
Event: 69.497 loading class org/openqa/selenium/remote/HttpCommandExecutor
Event: 69.497 loading class org/openqa/selenium/remote/HttpCommandExecutor done


Dynamic libraries:
0x00007ff79f390000 - 0x00007ff79f3c7000 	C:\Program Files\Java\jdk1.8.0_144\bin\javaw.exe
0x00007ffda6da0000 - 0x00007ffda6f62000 	C:\Windows\SYSTEM32\ntdll.dll
0x00007ffda6a70000 - 0x00007ffda6b1d000 	C:\Windows\system32\KERNEL32.DLL
0x00007ffda41e0000 - 0x00007ffda43bd000 	C:\Windows\system32\KERNELBASE.dll
0x00007ffda4670000 - 0x00007ffda4716000 	C:\Windows\system32\ADVAPI32.dll
0x00007ffda6820000 - 0x00007ffda68bd000 	C:\Windows\system32\msvcrt.dll
0x00007ffda4610000 - 0x00007ffda466b000 	C:\Windows\system32\sechost.dll
0x00007ffda66f0000 - 0x00007ffda6816000 	C:\Windows\system32\RPCRT4.dll
0x00007ffda6510000 - 0x00007ffda665e000 	C:\Windows\system32\USER32.dll
0x00007ffda61b0000 - 0x00007ffda6335000 	C:\Windows\system32\GDI32.dll
0x00007ffd952b0000 - 0x00007ffd95524000 	C:\Windows\WinSxS\amd64_microsoft.windows.common-controls_6595b64144ccf1df_6.0.10240.16384_none_f41f7b285750ef43\COMCTL32.dll
0x00007ffda4470000 - 0x00007ffda44a6000 	C:\Windows\system32\IMM32.DLL
0x00007ffda6350000 - 0x00007ffda64ac000 	C:\Windows\system32\MSCTF.dll
0x0000000065ce0000 - 0x0000000065db2000 	C:\Program Files\Java\jdk1.8.0_144\jre\bin\msvcr100.dll
0x0000000065dc0000 - 0x000000006665d000 	C:\Program Files\Java\jdk1.8.0_144\jre\bin\server\jvm.dll
0x00007ffda6340000 - 0x00007ffda6348000 	C:\Windows\system32\PSAPI.DLL
0x00007ffd9e2e0000 - 0x00007ffd9e303000 	C:\Windows\SYSTEM32\WINMM.dll
0x00007ffd9e370000 - 0x00007ffd9e379000 	C:\Windows\SYSTEM32\WSOCK32.dll
0x00007ffda6660000 - 0x00007ffda66c9000 	C:\Windows\system32\WS2_32.dll
0x00007ffd99540000 - 0x00007ffd9954a000 	C:\Windows\SYSTEM32\VERSION.dll
0x00007ffda66d0000 - 0x00007ffda66d8000 	C:\Windows\system32\NSI.dll
0x00007ffd9d890000 - 0x00007ffd9d8bc000 	C:\Windows\SYSTEM32\WINMMBASE.dll
0x00007ffda4420000 - 0x00007ffda4464000 	C:\Windows\system32\cfgmgr32.dll
0x00007ffda2140000 - 0x00007ffda2167000 	C:\Windows\SYSTEM32\DEVOBJ.dll
0x0000000067a90000 - 0x0000000067a9f000 	C:\Program Files\Java\jdk1.8.0_144\jre\bin\verify.dll
0x0000000067a60000 - 0x0000000067a89000 	C:\Program Files\Java\jdk1.8.0_144\jre\bin\java.dll
0x0000000065cc0000 - 0x0000000065cd6000 	C:\Program Files\Java\jdk1.8.0_144\jre\bin\zip.dll
0x00007ffda4720000 - 0x00007ffda5c45000 	C:\Windows\system32\SHELL32.dll
0x00007ffda3930000 - 0x00007ffda3f58000 	C:\Windows\system32\windows.storage.dll
0x00007ffda6b20000 - 0x00007ffda6d9c000 	C:\Windows\system32\combase.dll
0x00007ffda64b0000 - 0x00007ffda6501000 	C:\Windows\system32\shlwapi.dll
0x00007ffda37d0000 - 0x00007ffda37df000 	C:\Windows\system32\kernel.appcore.dll
0x00007ffda3870000 - 0x00007ffda3923000 	C:\Windows\system32\shcore.dll
0x00007ffda37e0000 - 0x00007ffda382a000 	C:\Windows\system32\powrprof.dll
0x00007ffda3850000 - 0x00007ffda3863000 	C:\Windows\system32\profapi.dll
0x0000000065ca0000 - 0x0000000065cba000 	C:\Program Files\Java\jdk1.8.0_144\jre\bin\net.dll
0x00007ffda2f90000 - 0x00007ffda2fed000 	C:\Windows\system32\mswsock.dll
0x00007ffda2d30000 - 0x00007ffda2dd8000 	C:\Windows\SYSTEM32\DNSAPI.dll
0x00007ffd9a410000 - 0x00007ffd9a41a000 	C:\Windows\System32\rasadhlp.dll
0x00007ffd9bb90000 - 0x00007ffd9bbf8000 	C:\Windows\System32\fwpuclnt.dll
0x00007ffda3700000 - 0x00007ffda3728000 	C:\Windows\SYSTEM32\bcrypt.dll

VM Arguments:
jvm_args: -Dfile.encoding=Cp1252 
java_command: Frames.Frame01
java_class_path (initial): J:\Javaprograms\firstseleniumproject\bin;J:\Javaprograms\firstseleniumproject\jar\selenium-server-standalone-3.13.0.jar
Launcher Type: SUN_STANDARD

Environment Variables:
PATH=C:/Program Files/Java/jdk1.8.0_144/bin/../jre/bin/server;C:/Program Files/Java/jdk1.8.0_144/bin/../jre/bin;C:/Program Files/Java/jdk1.8.0_144/bin/../jre/lib/amd64;C:\Program Files\Java\jdk1.8.0_144\bin;C:\Program Files (x86)\Microsoft SQL Server\100\Tools\Binn\;C:\Program Files\Microsoft SQL Server\100\Tools\Binn\;C:\Program Files\Microsoft SQL Server\100\DTS\Binn\;C:\Program Files (x86)\Microsoft SQL Server\100\Tools\Binn\VSShell\Common7\IDE\;C:\Program Files (x86)\Microsoft Visual Studio 9.0\Common7\IDE\PrivateAssemblies\;C:\Program Files (x86)\Microsoft SQL Server\100\DTS\Binn\;C:\Program Files\MATLAB\R2009a\bin;C:\Program Files\MATLAB\R2009a\bin\win64;G:\java\64bit\eclipse;
USERNAME=BHAVYA
OS=Windows_NT
PROCESSOR_IDENTIFIER=Intel64 Family 6 Model 61 Stepping 4, GenuineIntel



---------------  S Y S T E M  ---------------

OS: Windows 10.0 , 64 bit Build 10240 (10.0.10240.16384)

CPU:total 4 (initial active 4) (2 cores per cpu, 2 threads per core) family 6 model 61 stepping 4, cmov, cx8, fxsr, mmx, sse, sse2, sse3, ssse3, sse4.1, sse4.2, popcnt, avx, avx2, aes, clmul, erms, 3dnowpref, lzcnt, ht, tsc, tscinvbit, bmi1, bmi2, adx

Memory: 4k page, physical 4112560k(131480k free), swap 10029696k(9492k free)

vm_info: Java HotSpot(TM) 64-Bit Server VM (25.144-b01) for windows-amd64 JRE (1.8.0_144-b01), built on Jul 21 2017 21:57:33 by "java_re" with MS VC++ 10.0 (VS2010)

time: Sat Feb 29 14:28:55 2020
elapsed time: 76 seconds (0d 0h 1m 16s)

